[INFO] Starting comprehensive test suite...
[INFO] Test log: logs/test-run-1756513290.log
[INFO] Running test: Shell script linting
[INFO] Testing shell scripts with shellcheck...
[INFO] Testing shell scripts with shellcheck...
[SUCCESS] All shell scripts passed shellcheck
[SUCCESS] All shell scripts passed shellcheck
[SUCCESS] Shell script linting passed
[INFO] Running test: YAML validation
[INFO] Testing YAML file validation...
[INFO] Testing YAML file validation...
[SUCCESS] YAML files are valid
[SUCCESS] YAML files are valid
[SUCCESS] YAML validation passed
[INFO] Running test: Argument parsing
[INFO] Testing argument parsing with test YAML config...
[INFO] Testing argument parsing with test YAML config...
[SUCCESS] Argument parsing test passed
[SUCCESS] Argument parsing test passed
[SUCCESS] Argument parsing passed
[INFO] Running test: Docker requirements
[INFO] Testing Docker requirements...
[INFO] Testing Docker requirements...
[SUCCESS] Docker requirements met
[SUCCESS] Docker requirements met
[SUCCESS] Docker requirements passed
[INFO] Running test: Dockerfile syntax
[INFO] Testing Dockerfile syntax...
[INFO] Testing Dockerfile syntax...
[ERROR] Dockerfile has syntax errors
[ERROR] Dockerfile has syntax errors
[ERROR] Dockerfile syntax failed
