[0;34m[INFO][0m Starting test runner...
[0;34m[INFO][0m Test type: security
[0;34m[INFO][0m Project root: /home/runner/work/dmg-VSCode-DebianSlim/dmg-VSCode-DebianSlim/tests/..
[0;34m[INFO][0m Logs directory: /home/runner/work/dmg-VSCode-DebianSlim/dmg-VSCode-DebianSlim/tests/../logs
[0;34m[INFO][0m Test log: /home/runner/work/dmg-VSCode-DebianSlim/dmg-VSCode-DebianSlim/tests/../logs/test-runner-1757084724.log
[0;34m[INFO][0m Running security tests...
[0;34m[INFO][0m Running ShellCheck on shell scripts...
[0;31m[ERROR][0m ShellCheck found issues
[0;34m[INFO][0m Scanning for potential hardcoded secrets...
[0;32m[SUCCESS][0m No hardcoded secrets detected
[0;34m[INFO][0m Validating YAML files...
[0;31m[ERROR][0m YAML validation failed
[0;31m[ERROR][0m Security tests failed with 2 issues
