[0;34m[INFO][0m Starting test runner...
[0;34m[INFO][0m Test type: all
[0;34m[INFO][0m Project root: /Users/danielgoldstein/Documents/VibeCoding/VSCodeServerFromDebian/tests/..
[0;34m[INFO][0m Logs directory: /Users/danielgoldstein/Documents/VibeCoding/VSCodeServerFromDebian/tests/../logs
[0;34m[INFO][0m Test log: /Users/danielgoldstein/Documents/VibeCoding/VSCodeServerFromDebian/tests/../logs/test-runner-1756586789.log
[0;34m[INFO][0m Running tests sequentially...
[0;34m[INFO][0m Running unit tests...
[0;32m[SUCCESS][0m Unit tests passed
[0;34m[INFO][0m Running VS Code extension tests...
[0;34m[INFO][0m Compiling TypeScript...
[0;32m[SUCCESS][0m TypeScript compilation passed
[0;34m[INFO][0m Packaging extension...
[0;32m[SUCCESS][0m Extension packaging passed
[0;34m[INFO][0m Running security tests...
[0;34m[INFO][0m Running ShellCheck on shell scripts...
[0;31m[ERROR][0m ShellCheck found issues
[0;34m[INFO][0m Scanning for potential hardcoded secrets...
[0;32m[SUCCESS][0m No hardcoded secrets detected
[0;34m[INFO][0m Validating YAML files...
[1;33m[WARNING][0m yamllint not installed, skipping YAML validation
[0;31m[ERROR][0m Security tests failed with 1 issues
[0;34m[INFO][0m Running integration tests...
[0;32m[SUCCESS][0m Integration tests passed
[0;34m[INFO][0m ==================== TEST SUMMARY ====================
[0;34m[INFO][0m Test type: all
[0;34m[INFO][0m Duration: 5s
[0;34m[INFO][0m Failures: 1
[0;31m[ERROR][0m ‚ùå 1 test(s) failed!
[0;34m[INFO][0m Check logs for details: /Users/danielgoldstein/Documents/VibeCoding/VSCodeServerFromDebian/tests/../logs/test-runner-1756586789.log
[0;34m[INFO][0m Cleaning up test artifacts...
